<?xml version="1.0" encoding="UTF-8"?>
<!-- Generated by org.testng.reporters.JUnitXMLReporter -->
<testsuite hostname="NODHCMSLTP2317" name="Test" tests="1" failures="1" timestamp="12 Sep 2017 16:44:08 GMT" time="25.584" errors="0">
  <testcase name="testInvalidLogin" time="6.568" classname="TestCases.LoginToStore">
    <failure type="java.lang.AssertionError" message="expected [true] but found [false]">
      <![CDATA[java.lang.AssertionError: expected [true] but found [false]
	at pages.Login.logintoApplication(Login.java:60)
	at TestCases.LoginToStore.testInvalidLogin(LoginToStore.java:27)
... Removed 28 stack frames]]>
    </failure>
  </testcase> <!-- testInvalidLogin -->
</testsuite> <!-- Test -->
