<?xml version="1.0" encoding="UTF-8"?>
<!-- Generated by org.testng.reporters.JUnitXMLReporter -->
<testsuite hostname="NODHCMSLTP2317" name="ChromeTest1" tests="1" failures="1" timestamp="3 Sep 2017 17:02:12 GMT" time="15.664" errors="0">
  <testcase name="verifyAccountLink" time="0.165" classname="TestCases.VerifyHomePage">
    <failure type="java.lang.NullPointerException">
      <![CDATA[java.lang.NullPointerException
	at Utility.HelperClass.highLightElement(HelperClass.java:62)
	at pages.HomePage.clickonAccountLink(HomePage.java:37)
	at TestCases.VerifyHomePage.verifyAccountLink(VerifyHomePage.java:18)
	at java.util.concurrent.FutureTask.run(Unknown Source)
	at java.util.concurrent.ThreadPoolExecutor.runWorker(Unknown Source)
	at java.util.concurrent.ThreadPoolExecutor$Worker.run(Unknown Source)
	at java.lang.Thread.run(Unknown Source)
... Removed 16 stack frames]]>
    </failure>
  </testcase> <!-- verifyAccountLink -->
</testsuite> <!-- ChromeTest1 -->
