<?xml version="1.0" encoding="UTF-8"?>
<!-- Generated by org.testng.reporters.JUnitXMLReporter -->
<testsuite hostname="NODHCMSLTP2317" name="IETest1" tests="1" failures="1" timestamp="2 Sep 2017 18:47:12 GMT" time="32.667" errors="0">
  <testcase name="verifyAccountLink" time="1.126" classname="TestCases.VerifyHomePage">
    <failure type="java.lang.NullPointerException">
      <![CDATA[java.lang.NullPointerException
	at Utility.HelperClass.highLightElement(HelperClass.java:62)
	at pages.HomePage.clickonAccountLink(HomePage.java:39)
	at TestCases.VerifyHomePage.verifyAccountLink(VerifyHomePage.java:18)
	at java.util.concurrent.FutureTask.run(Unknown Source)
	at java.util.concurrent.ThreadPoolExecutor.runWorker(Unknown Source)
	at java.util.concurrent.ThreadPoolExecutor$Worker.run(Unknown Source)
	at java.lang.Thread.run(Unknown Source)
... Removed 16 stack frames]]>
    </failure>
  </testcase> <!-- verifyAccountLink -->
</testsuite> <!-- IETest1 -->
